[0522/003406.264:INFO:CONSOLE(7)] "THREE.ColladaLoader: File version 1.4.0", source: file:///C:/Program%20Files/AnyLogic%208.9%20Personal%20Learning%20Edition/plugins/com.anylogic.graphics3d_8.9.8.202602271015/static/init.js (7)
[0522/003406.274:INFO:CONSOLE(13)] "Loaded: file:C:/Users/潘玥玥/Models/Model6/3d/bench.dae", source: file:///C:/Program%20Files/AnyLogic%208.9%20Personal%20Learning%20Edition/plugins/com.anylogic.graphics3d_8.9.8.202602271015/static/init.js (13)
[0522/003406.282:INFO:CONSOLE(13)] "Loaded: file:C:/Users/潘玥玥/Models/Model6/3d/bench.dae", source: file:///C:/Program%20Files/AnyLogic%208.9%20Personal%20Learning%20Edition/plugins/com.anylogic.graphics3d_8.9.8.202602271015/static/init.js (13)
[0522/003406.353:INFO:CONSOLE(7)] "THREE.ColladaLoader: File version 1.4.0", source: file:///C:/Program%20Files/AnyLogic%208.9%20Personal%20Learning%20Edition/plugins/com.anylogic.graphics3d_8.9.8.202602271015/static/init.js (7)
[0522/003406.361:INFO:CONSOLE(13)] "Loaded: file:C:/Users/潘玥玥/Models/Model6/3d/barrel.dae", source: file:///C:/Program%20Files/AnyLogic%208.9%20Personal%20Learning%20Edition/plugins/com.anylogic.graphics3d_8.9.8.202602271015/static/init.js (13)
[0522/003406.369:INFO:CONSOLE(13)] "Loaded: file:C:/Users/潘玥玥/Models/Model6/3d/barrel.dae", source: file:///C:/Program%20Files/AnyLogic%208.9%20Personal%20Learning%20Edition/plugins/com.anylogic.graphics3d_8.9.8.202602271015/static/init.js (13)
[0522/003409.949:INFO:CONSOLE(7)] "THREE.ColladaLoader: File version 1.4.0", source: file:///C:/Program%20Files/AnyLogic%208.9%20Personal%20Learning%20Edition/plugins/com.anylogic.graphics3d_8.9.8.202602271015/static/init.js (7)
[0522/003409.966:INFO:CONSOLE(13)] "Loaded: file:C:/Users/潘玥玥/Models/Model3/3d/officeworker.dae", source: file:///C:/Program%20Files/AnyLogic%208.9%20Personal%20Learning%20Edition/plugins/com.anylogic.graphics3d_8.9.8.202602271015/static/init.js (13)
[0522/003409.970:INFO:CONSOLE(13)] "Loaded: file:C:/Users/潘玥玥/Models/Model3/3d/officeworker.dae", source: file:///C:/Program%20Files/AnyLogic%208.9%20Personal%20Learning%20Edition/plugins/com.anylogic.graphics3d_8.9.8.202602271015/static/init.js (13)
[0522/003410.004:INFO:CONSOLE(7)] "THREE.ColladaLoader: File version 1.4.0", source: file:///C:/Program%20Files/AnyLogic%208.9%20Personal%20Learning%20Edition/plugins/com.anylogic.graphics3d_8.9.8.202602271015/static/init.js (7)
[0522/003410.014:INFO:CONSOLE(13)] "Loaded: file:C:/Users/潘玥玥/Models/Model3/3d/person.dae", source: file:///C:/Program%20Files/AnyLogic%208.9%20Personal%20Learning%20Edition/plugins/com.anylogic.graphics3d_8.9.8.202602271015/static/init.js (13)
[0522/003410.014:INFO:CONSOLE(13)] "Loaded: file:C:/Users/潘玥玥/Models/Model3/3d/person.dae", source: file:///C:/Program%20Files/AnyLogic%208.9%20Personal%20Learning%20Edition/plugins/com.anylogic.graphics3d_8.9.8.202602271015/static/init.js (13)
[0522/003524.569:INFO:CONSOLE(7)] "THREE.ColladaLoader: File version 1.4.0", source: file:///C:/Program%20Files/AnyLogic%208.9%20Personal%20Learning%20Edition/plugins/com.anylogic.graphics3d_8.9.8.202602271015/static/init.js (7)
[0522/003524.578:INFO:CONSOLE(13)] "Loaded: file:C:/Users/潘玥玥/Models/Model6/3d/passenger_car_1.dae", source: file:///C:/Program%20Files/AnyLogic%208.9%20Personal%20Learning%20Edition/plugins/com.anylogic.graphics3d_8.9.8.202602271015/static/init.js (13)
[0522/003524.581:INFO:CONSOLE(13)] "Loaded: file:C:/Users/潘玥玥/Models/Model6/3d/passenger_car_1.dae", source: file:///C:/Program%20Files/AnyLogic%208.9%20Personal%20Learning%20Edition/plugins/com.anylogic.graphics3d_8.9.8.202602271015/static/init.js (13)
[0522/003526.484:INFO:CONSOLE(13)] "Loaded: file:C:/Users/潘玥玥/Models/Model6/3d/passenger_car_1.dae", source: file:///C:/Program%20Files/AnyLogic%208.9%20Personal%20Learning%20Edition/plugins/com.anylogic.graphics3d_8.9.8.202602271015/static/init.js (13)
[0522/003527.365:INFO:CONSOLE(13)] "Loaded: file:C:/Users/潘玥玥/Models/Model6/3d/passenger_car_1.dae", source: file:///C:/Program%20Files/AnyLogic%208.9%20Personal%20Learning%20Edition/plugins/com.anylogic.graphics3d_8.9.8.202602271015/static/init.js (13)
[0522/003527.375:INFO:CONSOLE(13)] "Loaded: file:C:/Users/潘玥玥/Models/Model6/3d/passenger_car_1.dae", source: file:///C:/Program%20Files/AnyLogic%208.9%20Personal%20Learning%20Edition/plugins/com.anylogic.graphics3d_8.9.8.202602271015/static/init.js (13)
[0522/003527.381:INFO:CONSOLE(13)] "Loaded: file:C:/Users/潘玥玥/Models/Model6/3d/passenger_car_1.dae", source: file:///C:/Program%20Files/AnyLogic%208.9%20Personal%20Learning%20Edition/plugins/com.anylogic.graphics3d_8.9.8.202602271015/static/init.js (13)
[0522/003605.330:ERROR:gpu_init.cc(523)] Passthrough is not supported, GL is disabled, ANGLE is 
